
code.elf:     file format elf32-avr


Disassembly of section .text:

00000000 <__vectors>:
   0:	0c 94 24 01 	jmp	0x248	; 0x248 <__ctors_end>
   4:	0c 94 41 01 	jmp	0x282	; 0x282 <__bad_interrupt>
   8:	0c 94 41 01 	jmp	0x282	; 0x282 <__bad_interrupt>
   c:	0c 94 41 01 	jmp	0x282	; 0x282 <__bad_interrupt>
  10:	0c 94 41 01 	jmp	0x282	; 0x282 <__bad_interrupt>
  14:	0c 94 41 01 	jmp	0x282	; 0x282 <__bad_interrupt>
  18:	0c 94 41 01 	jmp	0x282	; 0x282 <__bad_interrupt>
  1c:	0c 94 41 01 	jmp	0x282	; 0x282 <__bad_interrupt>
  20:	0c 94 41 01 	jmp	0x282	; 0x282 <__bad_interrupt>
  24:	0c 94 41 01 	jmp	0x282	; 0x282 <__bad_interrupt>
  28:	0c 94 41 01 	jmp	0x282	; 0x282 <__bad_interrupt>
  2c:	0c 94 41 01 	jmp	0x282	; 0x282 <__bad_interrupt>
  30:	0c 94 41 01 	jmp	0x282	; 0x282 <__bad_interrupt>
  34:	0c 94 41 01 	jmp	0x282	; 0x282 <__bad_interrupt>
  38:	0c 94 41 01 	jmp	0x282	; 0x282 <__bad_interrupt>
  3c:	0c 94 41 01 	jmp	0x282	; 0x282 <__bad_interrupt>
  40:	0c 94 41 01 	jmp	0x282	; 0x282 <__bad_interrupt>
  44:	0c 94 41 01 	jmp	0x282	; 0x282 <__bad_interrupt>
  48:	0c 94 41 01 	jmp	0x282	; 0x282 <__bad_interrupt>
  4c:	0c 94 41 01 	jmp	0x282	; 0x282 <__bad_interrupt>
  50:	0c 94 41 01 	jmp	0x282	; 0x282 <__bad_interrupt>
  54:	0c 94 41 01 	jmp	0x282	; 0x282 <__bad_interrupt>
  58:	0c 94 41 01 	jmp	0x282	; 0x282 <__bad_interrupt>
  5c:	0c 94 41 01 	jmp	0x282	; 0x282 <__bad_interrupt>
  60:	0c 94 41 01 	jmp	0x282	; 0x282 <__bad_interrupt>
  64:	0c 94 41 01 	jmp	0x282	; 0x282 <__bad_interrupt>

00000068 <CHARSET>:
  68:	00 00 00 00 00 00 00 5f 00 00 00 07 00 07 00 14     ......._........
  78:	7f 14 7f 14 24 2a 7f 2a 12 23 13 08 64 62 36 49     ....$*.*.#..db6I
  88:	55 22 50 00 05 03 00 00 00 1c 22 41 00 00 41 22     U"P......."A..A"
  98:	1c 00 14 08 3e 08 14 08 08 3e 08 08 00 50 30 00     ....>....>...P0.
  a8:	00 08 08 08 08 08 00 60 60 00 00 20 10 08 04 02     .......``.. ....
  b8:	3e 51 49 45 3e 00 42 7f 40 00 42 61 51 49 46 21     >QIE>.B.@.BaQIF!
  c8:	41 45 4b 31 18 14 12 7f 10 27 45 45 45 39 3c 4a     AEK1.....'EEE9<J
  d8:	49 49 30 01 71 09 05 03 36 49 49 49 36 06 49 49     II0.q...6III6.II
  e8:	29 1e 00 36 36 00 00 00 56 36 00 00 08 14 22 41     )..66...V6...."A
  f8:	00 14 14 14 14 14 00 41 22 14 08 02 01 51 09 06     .......A"....Q..
 108:	32 49 79 41 3e 7e 11 11 11 7e 7f 49 49 49 36 3e     2IyA>~...~.III6>
 118:	41 41 41 22 7f 41 41 22 1c 7f 49 49 49 41 7f 09     AAA".AA"..IIIA..
 128:	09 09 01 3e 41 49 49 7a 7f 08 08 08 7f 00 41 7f     ...>AIIz......A.
 138:	41 00 20 40 41 3f 01 7f 08 14 22 41 7f 40 40 40     A. @A?...."A.@@@
 148:	40 7f 02 0c 02 7f 7f 04 08 10 7f 3e 41 41 41 3e     @..........>AAA>
 158:	7f 09 09 09 06 3e 41 51 21 5e 7f 09 19 29 46 46     .....>AQ!^...)FF
 168:	49 49 49 31 01 01 7f 01 01 3f 40 40 40 3f 1f 20     III1.....?@@@?. 
 178:	40 20 1f 3f 40 38 40 3f 63 14 08 14 63 07 08 70     @ .?@8@?c...c..p
 188:	08 07 61 51 49 45 43 00 7f 41 41 00 02 04 08 10     ..aQIEC..AA.....
 198:	20 00 41 41 7f 00 04 02 01 02 04 40 40 40 40 40      .AA.......@@@@@
 1a8:	00 01 02 04 00 20 54 54 54 78 7f 48 44 44 38 38     ..... TTTx.HDD88
 1b8:	44 44 44 20 38 44 44 48 7f 38 54 54 54 18 08 7e     DDD 8DDH.8TTT..~
 1c8:	09 01 02 0c 52 52 52 3e 7f 08 04 04 78 00 44 7d     ....RRR>....x.D}
 1d8:	40 00 20 40 44 3d 00 7f 10 28 44 00 00 41 7f 40     @. @D=...(D..A.@
 1e8:	00 7c 04 18 04 78 7c 08 04 04 78 38 44 44 44 38     .|...x|...x8DDD8
 1f8:	7c 14 14 14 08 08 14 14 18 7c 7c 08 04 04 08 48     |........||....H
 208:	54 54 54 20 04 3f 44 40 20 3c 40 40 20 7c 1c 20     TTT .?D@ <@@ |. 
 218:	40 20 1c 3c 40 30 40 3c 44 28 10 28 44 0c 50 50     @ .<@0@<D(.(D.PP
 228:	50 3c 44 64 54 4c 44 00 08 36 41 00 00 00 7f 00     P<DdTLD..6A.....
 238:	00 00 41 36 08 00 10 08 08 10 08 00 00 00 00 00     ..A6............

00000248 <__ctors_end>:
 248:	11 24       	eor	r1, r1
 24a:	1f be       	out	0x3f, r1	; 63
 24c:	cf ef       	ldi	r28, 0xFF	; 255
 24e:	d8 e0       	ldi	r29, 0x08	; 8
 250:	de bf       	out	0x3e, r29	; 62
 252:	cd bf       	out	0x3d, r28	; 61

00000254 <__do_copy_data>:
 254:	11 e0       	ldi	r17, 0x01	; 1
 256:	a0 e0       	ldi	r26, 0x00	; 0
 258:	b1 e0       	ldi	r27, 0x01	; 1
 25a:	ee e9       	ldi	r30, 0x9E	; 158
 25c:	fc e0       	ldi	r31, 0x0C	; 12
 25e:	02 c0       	rjmp	.+4      	; 0x264 <__do_copy_data+0x10>
 260:	05 90       	lpm	r0, Z+
 262:	0d 92       	st	X+, r0
 264:	a4 31       	cpi	r26, 0x14	; 20
 266:	b1 07       	cpc	r27, r17
 268:	d9 f7       	brne	.-10     	; 0x260 <__do_copy_data+0xc>

0000026a <__do_clear_bss>:
 26a:	23 e0       	ldi	r18, 0x03	; 3
 26c:	a4 e1       	ldi	r26, 0x14	; 20
 26e:	b1 e0       	ldi	r27, 0x01	; 1
 270:	01 c0       	rjmp	.+2      	; 0x274 <.do_clear_bss_start>

00000272 <.do_clear_bss_loop>:
 272:	1d 92       	st	X+, r1

00000274 <.do_clear_bss_start>:
 274:	a2 35       	cpi	r26, 0x52	; 82
 276:	b2 07       	cpc	r27, r18
 278:	e1 f7       	brne	.-8      	; 0x272 <.do_clear_bss_loop>
 27a:	0e 94 a8 04 	call	0x950	; 0x950 <main>
 27e:	0c 94 4d 06 	jmp	0xc9a	; 0xc9a <_exit>

00000282 <__bad_interrupt>:
 282:	0c 94 00 00 	jmp	0	; 0x0 <__vectors>

00000286 <displayCenteredGlyph>:
 286:	ef 92       	push	r14
 288:	ff 92       	push	r15
 28a:	0f 93       	push	r16
 28c:	1f 93       	push	r17
 28e:	cf 93       	push	r28
 290:	df 93       	push	r29
 292:	8a e0       	ldi	r24, 0x0A	; 10
 294:	e8 2e       	mov	r14, r24
 296:	81 e0       	ldi	r24, 0x01	; 1
 298:	f8 2e       	mov	r15, r24
 29a:	15 e1       	ldi	r17, 0x15	; 21
 29c:	0d e2       	ldi	r16, 0x2D	; 45
 29e:	c7 e0       	ldi	r28, 0x07	; 7
 2a0:	d0 e0       	ldi	r29, 0x00	; 0
 2a2:	f7 01       	movw	r30, r14
 2a4:	40 81       	ld	r20, Z
 2a6:	50 e0       	ldi	r21, 0x00	; 0
 2a8:	0c 2e       	mov	r0, r28
 2aa:	02 c0       	rjmp	.+4      	; 0x2b0 <displayCenteredGlyph+0x2a>
 2ac:	55 95       	asr	r21
 2ae:	47 95       	ror	r20
 2b0:	0a 94       	dec	r0
 2b2:	e2 f7       	brpl	.-8      	; 0x2ac <displayCenteredGlyph+0x26>
 2b4:	41 70       	andi	r20, 0x01	; 1
 2b6:	61 2f       	mov	r22, r17
 2b8:	80 2f       	mov	r24, r16
 2ba:	8c 1b       	sub	r24, r28
 2bc:	0e 94 9c 03 	call	0x738	; 0x738 <nokia_lcd_set_pixel>
 2c0:	21 97       	sbiw	r28, 0x01	; 1
 2c2:	78 f7       	brcc	.-34     	; 0x2a2 <displayCenteredGlyph+0x1c>
 2c4:	9f ef       	ldi	r25, 0xFF	; 255
 2c6:	e9 1a       	sub	r14, r25
 2c8:	f9 0a       	sbc	r15, r25
 2ca:	1f 5f       	subi	r17, 0xFF	; 255
 2cc:	1a 31       	cpi	r17, 0x1A	; 26
 2ce:	39 f7       	brne	.-50     	; 0x29e <displayCenteredGlyph+0x18>
 2d0:	df 91       	pop	r29
 2d2:	cf 91       	pop	r28
 2d4:	1f 91       	pop	r17
 2d6:	0f 91       	pop	r16
 2d8:	ff 90       	pop	r15
 2da:	ef 90       	pop	r14
 2dc:	08 95       	ret

000002de <displayAnotherGlyph>:
 2de:	5f 92       	push	r5
 2e0:	6f 92       	push	r6
 2e2:	7f 92       	push	r7
 2e4:	8f 92       	push	r8
 2e6:	9f 92       	push	r9
 2e8:	af 92       	push	r10
 2ea:	bf 92       	push	r11
 2ec:	cf 92       	push	r12
 2ee:	df 92       	push	r13
 2f0:	ef 92       	push	r14
 2f2:	ff 92       	push	r15
 2f4:	0f 93       	push	r16
 2f6:	1f 93       	push	r17
 2f8:	cf 93       	push	r28
 2fa:	df 93       	push	r29
 2fc:	6c 01       	movw	r12, r24
 2fe:	8b 01       	movw	r16, r22
 300:	d0 e0       	ldi	r29, 0x00	; 0
 302:	c0 e0       	ldi	r28, 0x00	; 0
 304:	46 01       	movw	r8, r12
 306:	87 e0       	ldi	r24, 0x07	; 7
 308:	e8 2e       	mov	r14, r24
 30a:	f1 2c       	mov	r15, r1
 30c:	58 01       	movw	r10, r16
 30e:	ac 0e       	add	r10, r28
 310:	bd 1e       	adc	r11, r29
 312:	fe 01       	movw	r30, r28
 314:	ed 5f       	subi	r30, 0xFD	; 253
 316:	fe 4f       	sbci	r31, 0xFE	; 254
 318:	3f 01       	movw	r6, r30
 31a:	5c 2e       	mov	r5, r28
 31c:	50 0e       	add	r5, r16
 31e:	84 e5       	ldi	r24, 0x54	; 84
 320:	88 16       	cp	r8, r24
 322:	91 04       	cpc	r9, r1
 324:	94 f4       	brge	.+36     	; 0x34a <displayAnotherGlyph+0x6c>
 326:	90 e3       	ldi	r25, 0x30	; 48
 328:	a9 16       	cp	r10, r25
 32a:	b1 04       	cpc	r11, r1
 32c:	74 f4       	brge	.+28     	; 0x34a <displayAnotherGlyph+0x6c>
 32e:	f3 01       	movw	r30, r6
 330:	40 81       	ld	r20, Z
 332:	50 e0       	ldi	r21, 0x00	; 0
 334:	0e 2c       	mov	r0, r14
 336:	02 c0       	rjmp	.+4      	; 0x33c <displayAnotherGlyph+0x5e>
 338:	55 95       	asr	r21
 33a:	47 95       	ror	r20
 33c:	0a 94       	dec	r0
 33e:	e2 f7       	brpl	.-8      	; 0x338 <displayAnotherGlyph+0x5a>
 340:	41 70       	andi	r20, 0x01	; 1
 342:	65 2d       	mov	r22, r5
 344:	88 2d       	mov	r24, r8
 346:	0e 94 9c 03 	call	0x738	; 0x738 <nokia_lcd_set_pixel>
 34a:	f1 e0       	ldi	r31, 0x01	; 1
 34c:	ef 1a       	sub	r14, r31
 34e:	f1 08       	sbc	r15, r1
 350:	8f ef       	ldi	r24, 0xFF	; 255
 352:	88 1a       	sub	r8, r24
 354:	98 0a       	sbc	r9, r24
 356:	9f ef       	ldi	r25, 0xFF	; 255
 358:	e9 16       	cp	r14, r25
 35a:	f9 06       	cpc	r15, r25
 35c:	01 f7       	brne	.-64     	; 0x31e <displayAnotherGlyph+0x40>
 35e:	21 96       	adiw	r28, 0x01	; 1
 360:	c7 30       	cpi	r28, 0x07	; 7
 362:	d1 05       	cpc	r29, r1
 364:	79 f6       	brne	.-98     	; 0x304 <displayAnotherGlyph+0x26>
 366:	df 91       	pop	r29
 368:	cf 91       	pop	r28
 36a:	1f 91       	pop	r17
 36c:	0f 91       	pop	r16
 36e:	ff 90       	pop	r15
 370:	ef 90       	pop	r14
 372:	df 90       	pop	r13
 374:	cf 90       	pop	r12
 376:	bf 90       	pop	r11
 378:	af 90       	pop	r10
 37a:	9f 90       	pop	r9
 37c:	8f 90       	pop	r8
 37e:	7f 90       	pop	r7
 380:	6f 90       	pop	r6
 382:	5f 90       	pop	r5
 384:	08 95       	ret

00000386 <displayLifeGlyphs>:
 386:	8f 92       	push	r8
 388:	9f 92       	push	r9
 38a:	af 92       	push	r10
 38c:	bf 92       	push	r11
 38e:	cf 92       	push	r12
 390:	df 92       	push	r13
 392:	ef 92       	push	r14
 394:	ff 92       	push	r15
 396:	0f 93       	push	r16
 398:	1f 93       	push	r17
 39a:	cf 93       	push	r28
 39c:	df 93       	push	r29
 39e:	7c 01       	movw	r14, r24
 3a0:	93 e5       	ldi	r25, 0x53	; 83
 3a2:	99 2e       	mov	r9, r25
 3a4:	b1 2c       	mov	r11, r1
 3a6:	a1 2c       	mov	r10, r1
 3a8:	ae 14       	cp	r10, r14
 3aa:	bf 04       	cpc	r11, r15
 3ac:	6c f0       	brlt	.+26     	; 0x3c8 <displayLifeGlyphs+0x42>
 3ae:	df 91       	pop	r29
 3b0:	cf 91       	pop	r28
 3b2:	1f 91       	pop	r17
 3b4:	0f 91       	pop	r16
 3b6:	ff 90       	pop	r15
 3b8:	ef 90       	pop	r14
 3ba:	df 90       	pop	r13
 3bc:	cf 90       	pop	r12
 3be:	bf 90       	pop	r11
 3c0:	af 90       	pop	r10
 3c2:	9f 90       	pop	r9
 3c4:	8f 90       	pop	r8
 3c6:	08 95       	ret
 3c8:	d0 e0       	ldi	r29, 0x00	; 0
 3ca:	c0 e0       	ldi	r28, 0x00	; 0
 3cc:	82 e0       	ldi	r24, 0x02	; 2
 3ce:	88 2e       	mov	r8, r24
 3d0:	89 0c       	add	r8, r9
 3d2:	02 e0       	ldi	r16, 0x02	; 2
 3d4:	10 e0       	ldi	r17, 0x00	; 0
 3d6:	ce 01       	movw	r24, r28
 3d8:	80 50       	subi	r24, 0x00	; 0
 3da:	9f 4f       	sbci	r25, 0xFF	; 255
 3dc:	6c 01       	movw	r12, r24
 3de:	f6 01       	movw	r30, r12
 3e0:	40 81       	ld	r20, Z
 3e2:	50 e0       	ldi	r21, 0x00	; 0
 3e4:	00 2e       	mov	r0, r16
 3e6:	02 c0       	rjmp	.+4      	; 0x3ec <displayLifeGlyphs+0x66>
 3e8:	55 95       	asr	r21
 3ea:	47 95       	ror	r20
 3ec:	0a 94       	dec	r0
 3ee:	e2 f7       	brpl	.-8      	; 0x3e8 <displayLifeGlyphs+0x62>
 3f0:	41 70       	andi	r20, 0x01	; 1
 3f2:	6c 2f       	mov	r22, r28
 3f4:	88 2d       	mov	r24, r8
 3f6:	80 1b       	sub	r24, r16
 3f8:	0e 94 9c 03 	call	0x738	; 0x738 <nokia_lcd_set_pixel>
 3fc:	01 50       	subi	r16, 0x01	; 1
 3fe:	11 09       	sbc	r17, r1
 400:	70 f7       	brcc	.-36     	; 0x3de <displayLifeGlyphs+0x58>
 402:	21 96       	adiw	r28, 0x01	; 1
 404:	c3 30       	cpi	r28, 0x03	; 3
 406:	d1 05       	cpc	r29, r1
 408:	21 f7       	brne	.-56     	; 0x3d2 <displayLifeGlyphs+0x4c>
 40a:	9f ef       	ldi	r25, 0xFF	; 255
 40c:	a9 1a       	sub	r10, r25
 40e:	b9 0a       	sbc	r11, r25
 410:	ec ef       	ldi	r30, 0xFC	; 252
 412:	9e 0e       	add	r9, r30
 414:	c9 cf       	rjmp	.-110    	; 0x3a8 <displayLifeGlyphs+0x22>

00000416 <clearLifeGlyph>:
 416:	0f 93       	push	r16
 418:	1f 93       	push	r17
 41a:	cf 93       	push	r28
 41c:	03 e5       	ldi	r16, 0x53	; 83
 41e:	10 e0       	ldi	r17, 0x00	; 0
 420:	08 1b       	sub	r16, r24
 422:	19 0b       	sbc	r17, r25
 424:	c0 e0       	ldi	r28, 0x00	; 0
 426:	40 e0       	ldi	r20, 0x00	; 0
 428:	6c 2f       	mov	r22, r28
 42a:	80 2f       	mov	r24, r16
 42c:	0e 94 9c 03 	call	0x738	; 0x738 <nokia_lcd_set_pixel>
 430:	40 e0       	ldi	r20, 0x00	; 0
 432:	6c 2f       	mov	r22, r28
 434:	80 2f       	mov	r24, r16
 436:	0e 94 9c 03 	call	0x738	; 0x738 <nokia_lcd_set_pixel>
 43a:	40 e0       	ldi	r20, 0x00	; 0
 43c:	6c 2f       	mov	r22, r28
 43e:	80 2f       	mov	r24, r16
 440:	0e 94 9c 03 	call	0x738	; 0x738 <nokia_lcd_set_pixel>
 444:	cf 5f       	subi	r28, 0xFF	; 255
 446:	c3 30       	cpi	r28, 0x03	; 3
 448:	71 f7       	brne	.-36     	; 0x426 <clearLifeGlyph+0x10>
 44a:	cf 91       	pop	r28
 44c:	1f 91       	pop	r17
 44e:	0f 91       	pop	r16
 450:	08 95       	ret

00000452 <clearAnotherGlyph>:
 452:	af 92       	push	r10
 454:	bf 92       	push	r11
 456:	cf 92       	push	r12
 458:	df 92       	push	r13
 45a:	ef 92       	push	r14
 45c:	ff 92       	push	r15
 45e:	0f 93       	push	r16
 460:	1f 93       	push	r17
 462:	cf 93       	push	r28
 464:	df 93       	push	r29
 466:	7c 01       	movw	r14, r24
 468:	eb 01       	movw	r28, r22
 46a:	5b 01       	movw	r10, r22
 46c:	87 e0       	ldi	r24, 0x07	; 7
 46e:	a8 0e       	add	r10, r24
 470:	b1 1c       	adc	r11, r1
 472:	67 01       	movw	r12, r14
 474:	88 e0       	ldi	r24, 0x08	; 8
 476:	c8 0e       	add	r12, r24
 478:	d1 1c       	adc	r13, r1
 47a:	87 01       	movw	r16, r14
 47c:	04 35       	cpi	r16, 0x54	; 84
 47e:	11 05       	cpc	r17, r1
 480:	44 f4       	brge	.+16     	; 0x492 <clearAnotherGlyph+0x40>
 482:	c0 33       	cpi	r28, 0x30	; 48
 484:	d1 05       	cpc	r29, r1
 486:	2c f4       	brge	.+10     	; 0x492 <clearAnotherGlyph+0x40>
 488:	40 e0       	ldi	r20, 0x00	; 0
 48a:	6c 2f       	mov	r22, r28
 48c:	80 2f       	mov	r24, r16
 48e:	0e 94 9c 03 	call	0x738	; 0x738 <nokia_lcd_set_pixel>
 492:	0f 5f       	subi	r16, 0xFF	; 255
 494:	1f 4f       	sbci	r17, 0xFF	; 255
 496:	0c 15       	cp	r16, r12
 498:	1d 05       	cpc	r17, r13
 49a:	81 f7       	brne	.-32     	; 0x47c <clearAnotherGlyph+0x2a>
 49c:	21 96       	adiw	r28, 0x01	; 1
 49e:	ca 15       	cp	r28, r10
 4a0:	db 05       	cpc	r29, r11
 4a2:	59 f7       	brne	.-42     	; 0x47a <clearAnotherGlyph+0x28>
 4a4:	df 91       	pop	r29
 4a6:	cf 91       	pop	r28
 4a8:	1f 91       	pop	r17
 4aa:	0f 91       	pop	r16
 4ac:	ff 90       	pop	r15
 4ae:	ef 90       	pop	r14
 4b0:	df 90       	pop	r13
 4b2:	cf 90       	pop	r12
 4b4:	bf 90       	pop	r11
 4b6:	af 90       	pop	r10
 4b8:	08 95       	ret

000004ba <moveObject>:
 4ba:	cf 92       	push	r12
 4bc:	df 92       	push	r13
 4be:	ef 92       	push	r14
 4c0:	ff 92       	push	r15
 4c2:	0f 93       	push	r16
 4c4:	1f 93       	push	r17
 4c6:	cf 93       	push	r28
 4c8:	df 93       	push	r29
 4ca:	ec 01       	movw	r28, r24
 4cc:	7b 01       	movw	r14, r22
 4ce:	8a 01       	movw	r16, r20
 4d0:	69 01       	movw	r12, r18
 4d2:	6a 81       	ldd	r22, Y+2	; 0x02
 4d4:	7b 81       	ldd	r23, Y+3	; 0x03
 4d6:	88 81       	ld	r24, Y
 4d8:	99 81       	ldd	r25, Y+1	; 0x01
 4da:	0e 94 29 02 	call	0x452	; 0x452 <clearAnotherGlyph>
 4de:	88 81       	ld	r24, Y
 4e0:	99 81       	ldd	r25, Y+1	; 0x01
 4e2:	8e 15       	cp	r24, r14
 4e4:	9f 05       	cpc	r25, r15
 4e6:	0c f0       	brlt	.+2      	; 0x4ea <moveObject+0x30>
 4e8:	45 c0       	rjmp	.+138    	; 0x574 <moveObject+0xba>
 4ea:	01 96       	adiw	r24, 0x01	; 1
 4ec:	99 83       	std	Y+1, r25	; 0x01
 4ee:	88 83       	st	Y, r24
 4f0:	8a 81       	ldd	r24, Y+2	; 0x02
 4f2:	9b 81       	ldd	r25, Y+3	; 0x03
 4f4:	80 17       	cp	r24, r16
 4f6:	91 07       	cpc	r25, r17
 4f8:	0c f0       	brlt	.+2      	; 0x4fc <moveObject+0x42>
 4fa:	42 c0       	rjmp	.+132    	; 0x580 <moveObject+0xc6>
 4fc:	01 96       	adiw	r24, 0x01	; 1
 4fe:	9b 83       	std	Y+3, r25	; 0x03
 500:	8a 83       	std	Y+2, r24	; 0x02
 502:	88 81       	ld	r24, Y
 504:	99 81       	ldd	r25, Y+1	; 0x01
 506:	8e 15       	cp	r24, r14
 508:	9f 05       	cpc	r25, r15
 50a:	0c f4       	brge	.+2      	; 0x50e <moveObject+0x54>
 50c:	3f c0       	rjmp	.+126    	; 0x58c <moveObject+0xd2>
 50e:	24 e0       	ldi	r18, 0x04	; 4
 510:	e2 0e       	add	r14, r18
 512:	f1 1c       	adc	r15, r1
 514:	e8 16       	cp	r14, r24
 516:	f9 06       	cpc	r15, r25
 518:	cc f1       	brlt	.+114    	; 0x58c <moveObject+0xd2>
 51a:	8a 81       	ldd	r24, Y+2	; 0x02
 51c:	9b 81       	ldd	r25, Y+3	; 0x03
 51e:	80 17       	cp	r24, r16
 520:	91 07       	cpc	r25, r17
 522:	a4 f1       	brlt	.+104    	; 0x58c <moveObject+0xd2>
 524:	0c 5f       	subi	r16, 0xFC	; 252
 526:	1f 4f       	sbci	r17, 0xFF	; 255
 528:	08 17       	cp	r16, r24
 52a:	19 07       	cpc	r17, r25
 52c:	7c f1       	brlt	.+94     	; 0x58c <moveObject+0xd2>
 52e:	f6 01       	movw	r30, r12
 530:	80 81       	ld	r24, Z
 532:	91 81       	ldd	r25, Z+1	; 0x01
 534:	01 97       	sbiw	r24, 0x01	; 1
 536:	91 83       	std	Z+1, r25	; 0x01
 538:	80 83       	st	Z, r24
 53a:	0e 94 9a 05 	call	0xb34	; 0xb34 <rand>
 53e:	6f e4       	ldi	r22, 0x4F	; 79
 540:	70 e0       	ldi	r23, 0x00	; 0
 542:	0e 94 0a 05 	call	0xa14	; 0xa14 <__divmodhi4>
 546:	99 83       	std	Y+1, r25	; 0x01
 548:	88 83       	st	Y, r24
 54a:	0e 94 9a 05 	call	0xb34	; 0xb34 <rand>
 54e:	6b e2       	ldi	r22, 0x2B	; 43
 550:	70 e0       	ldi	r23, 0x00	; 0
 552:	0e 94 0a 05 	call	0xa14	; 0xa14 <__divmodhi4>
 556:	9b 83       	std	Y+3, r25	; 0x03
 558:	8a 83       	std	Y+2, r24	; 0x02
 55a:	f6 01       	movw	r30, r12
 55c:	80 81       	ld	r24, Z
 55e:	91 81       	ldd	r25, Z+1	; 0x01
 560:	df 91       	pop	r29
 562:	cf 91       	pop	r28
 564:	1f 91       	pop	r17
 566:	0f 91       	pop	r16
 568:	ff 90       	pop	r15
 56a:	ef 90       	pop	r14
 56c:	df 90       	pop	r13
 56e:	cf 90       	pop	r12
 570:	0c 94 0b 02 	jmp	0x416	; 0x416 <clearLifeGlyph>
 574:	e8 16       	cp	r14, r24
 576:	f9 06       	cpc	r15, r25
 578:	0c f0       	brlt	.+2      	; 0x57c <moveObject+0xc2>
 57a:	ba cf       	rjmp	.-140    	; 0x4f0 <moveObject+0x36>
 57c:	01 97       	sbiw	r24, 0x01	; 1
 57e:	b6 cf       	rjmp	.-148    	; 0x4ec <moveObject+0x32>
 580:	08 17       	cp	r16, r24
 582:	19 07       	cpc	r17, r25
 584:	0c f0       	brlt	.+2      	; 0x588 <moveObject+0xce>
 586:	bd cf       	rjmp	.-134    	; 0x502 <moveObject+0x48>
 588:	01 97       	sbiw	r24, 0x01	; 1
 58a:	b9 cf       	rjmp	.-142    	; 0x4fe <moveObject+0x44>
 58c:	df 91       	pop	r29
 58e:	cf 91       	pop	r28
 590:	1f 91       	pop	r17
 592:	0f 91       	pop	r16
 594:	ff 90       	pop	r15
 596:	ef 90       	pop	r14
 598:	df 90       	pop	r13
 59a:	cf 90       	pop	r12
 59c:	08 95       	ret

0000059e <generateRandomObject>:
 59e:	0f 93       	push	r16
 5a0:	1f 93       	push	r17
 5a2:	cf 93       	push	r28
 5a4:	df 93       	push	r29
 5a6:	ec 01       	movw	r28, r24
 5a8:	8b 01       	movw	r16, r22
 5aa:	fb 01       	movw	r30, r22
 5ac:	80 81       	ld	r24, Z
 5ae:	91 81       	ldd	r25, Z+1	; 0x01
 5b0:	04 97       	sbiw	r24, 0x04	; 4
 5b2:	cc f4       	brge	.+50     	; 0x5e6 <generateRandomObject+0x48>
 5b4:	0e 94 9a 05 	call	0xb34	; 0xb34 <rand>
 5b8:	9c 01       	movw	r18, r24
 5ba:	64 e0       	ldi	r22, 0x04	; 4
 5bc:	70 e0       	ldi	r23, 0x00	; 0
 5be:	0e 94 0a 05 	call	0xa14	; 0xa14 <__divmodhi4>
 5c2:	82 30       	cpi	r24, 0x02	; 2
 5c4:	91 05       	cpc	r25, r1
 5c6:	61 f1       	breq	.+88     	; 0x620 <generateRandomObject+0x82>
 5c8:	83 30       	cpi	r24, 0x03	; 3
 5ca:	91 05       	cpc	r25, r1
 5cc:	91 f1       	breq	.+100    	; 0x632 <generateRandomObject+0x94>
 5ce:	23 70       	andi	r18, 0x03	; 3
 5d0:	33 27       	eor	r19, r19
 5d2:	23 2b       	or	r18, r19
 5d4:	69 f0       	breq	.+26     	; 0x5f0 <generateRandomObject+0x52>
 5d6:	01 97       	sbiw	r24, 0x01	; 1
 5d8:	b1 f0       	breq	.+44     	; 0x606 <generateRandomObject+0x68>
 5da:	f8 01       	movw	r30, r16
 5dc:	80 81       	ld	r24, Z
 5de:	91 81       	ldd	r25, Z+1	; 0x01
 5e0:	01 96       	adiw	r24, 0x01	; 1
 5e2:	91 83       	std	Z+1, r25	; 0x01
 5e4:	80 83       	st	Z, r24
 5e6:	df 91       	pop	r29
 5e8:	cf 91       	pop	r28
 5ea:	1f 91       	pop	r17
 5ec:	0f 91       	pop	r16
 5ee:	08 95       	ret
 5f0:	0e 94 9a 05 	call	0xb34	; 0xb34 <rand>
 5f4:	6f e4       	ldi	r22, 0x4F	; 79
 5f6:	70 e0       	ldi	r23, 0x00	; 0
 5f8:	0e 94 0a 05 	call	0xa14	; 0xa14 <__divmodhi4>
 5fc:	99 83       	std	Y+1, r25	; 0x01
 5fe:	88 83       	st	Y, r24
 600:	1b 82       	std	Y+3, r1	; 0x03
 602:	1a 82       	std	Y+2, r1	; 0x02
 604:	ea cf       	rjmp	.-44     	; 0x5da <generateRandomObject+0x3c>
 606:	0e 94 9a 05 	call	0xb34	; 0xb34 <rand>
 60a:	6f e4       	ldi	r22, 0x4F	; 79
 60c:	70 e0       	ldi	r23, 0x00	; 0
 60e:	0e 94 0a 05 	call	0xa14	; 0xa14 <__divmodhi4>
 612:	99 83       	std	Y+1, r25	; 0x01
 614:	88 83       	st	Y, r24
 616:	8b e2       	ldi	r24, 0x2B	; 43
 618:	90 e0       	ldi	r25, 0x00	; 0
 61a:	9b 83       	std	Y+3, r25	; 0x03
 61c:	8a 83       	std	Y+2, r24	; 0x02
 61e:	dd cf       	rjmp	.-70     	; 0x5da <generateRandomObject+0x3c>
 620:	19 82       	std	Y+1, r1	; 0x01
 622:	18 82       	st	Y, r1
 624:	0e 94 9a 05 	call	0xb34	; 0xb34 <rand>
 628:	6b e2       	ldi	r22, 0x2B	; 43
 62a:	70 e0       	ldi	r23, 0x00	; 0
 62c:	0e 94 0a 05 	call	0xa14	; 0xa14 <__divmodhi4>
 630:	f4 cf       	rjmp	.-24     	; 0x61a <generateRandomObject+0x7c>
 632:	8f e4       	ldi	r24, 0x4F	; 79
 634:	90 e0       	ldi	r25, 0x00	; 0
 636:	99 83       	std	Y+1, r25	; 0x01
 638:	88 83       	st	Y, r24
 63a:	f4 cf       	rjmp	.-24     	; 0x624 <generateRandomObject+0x86>

0000063c <write>:
 63c:	29 98       	cbi	0x05, 1	; 5
 63e:	66 23       	and	r22, r22
 640:	a9 f0       	breq	.+42     	; 0x66c <write+0x30>
 642:	2b 9a       	sbi	0x05, 3	; 5
 644:	27 e0       	ldi	r18, 0x07	; 7
 646:	30 e0       	ldi	r19, 0x00	; 0
 648:	90 e0       	ldi	r25, 0x00	; 0
 64a:	ac 01       	movw	r20, r24
 64c:	02 2e       	mov	r0, r18
 64e:	02 c0       	rjmp	.+4      	; 0x654 <write+0x18>
 650:	55 95       	asr	r21
 652:	47 95       	ror	r20
 654:	0a 94       	dec	r0
 656:	e2 f7       	brpl	.-8      	; 0x650 <write+0x14>
 658:	40 ff       	sbrs	r20, 0
 65a:	0a c0       	rjmp	.+20     	; 0x670 <write+0x34>
 65c:	2c 9a       	sbi	0x05, 4	; 5
 65e:	2d 9a       	sbi	0x05, 5	; 5
 660:	2d 98       	cbi	0x05, 5	; 5
 662:	21 50       	subi	r18, 0x01	; 1
 664:	31 09       	sbc	r19, r1
 666:	88 f7       	brcc	.-30     	; 0x64a <write+0xe>
 668:	29 9a       	sbi	0x05, 1	; 5
 66a:	08 95       	ret
 66c:	2b 98       	cbi	0x05, 3	; 5
 66e:	ea cf       	rjmp	.-44     	; 0x644 <write+0x8>
 670:	2c 98       	cbi	0x05, 4	; 5
 672:	f5 cf       	rjmp	.-22     	; 0x65e <write+0x22>

00000674 <write_cmd>:
 674:	60 e0       	ldi	r22, 0x00	; 0
 676:	0c 94 1e 03 	jmp	0x63c	; 0x63c <write>

0000067a <nokia_lcd_init>:
 67a:	cf 93       	push	r28
 67c:	df 93       	push	r29
 67e:	21 9a       	sbi	0x04, 1	; 4
 680:	22 9a       	sbi	0x04, 2	; 4
 682:	23 9a       	sbi	0x04, 3	; 4
 684:	24 9a       	sbi	0x04, 4	; 4
 686:	25 9a       	sbi	0x04, 5	; 4
 688:	2a 9a       	sbi	0x05, 2	; 5
 68a:	29 9a       	sbi	0x05, 1	; 5
 68c:	8f e3       	ldi	r24, 0x3F	; 63
 68e:	9c e9       	ldi	r25, 0x9C	; 156
 690:	01 97       	sbiw	r24, 0x01	; 1
 692:	f1 f7       	brne	.-4      	; 0x690 <nokia_lcd_init+0x16>
 694:	00 c0       	rjmp	.+0      	; 0x696 <nokia_lcd_init+0x1c>
 696:	00 00       	nop
 698:	2a 98       	cbi	0x05, 2	; 5
 69a:	9f ef       	ldi	r25, 0xFF	; 255
 69c:	2a e6       	ldi	r18, 0x6A	; 106
 69e:	83 e0       	ldi	r24, 0x03	; 3
 6a0:	91 50       	subi	r25, 0x01	; 1
 6a2:	20 40       	sbci	r18, 0x00	; 0
 6a4:	80 40       	sbci	r24, 0x00	; 0
 6a6:	e1 f7       	brne	.-8      	; 0x6a0 <nokia_lcd_init+0x26>
 6a8:	00 c0       	rjmp	.+0      	; 0x6aa <nokia_lcd_init+0x30>
 6aa:	00 00       	nop
 6ac:	2a 9a       	sbi	0x05, 2	; 5
 6ae:	29 98       	cbi	0x05, 1	; 5
 6b0:	81 e2       	ldi	r24, 0x21	; 33
 6b2:	0e 94 3a 03 	call	0x674	; 0x674 <write_cmd>
 6b6:	83 e1       	ldi	r24, 0x13	; 19
 6b8:	0e 94 3a 03 	call	0x674	; 0x674 <write_cmd>
 6bc:	86 e0       	ldi	r24, 0x06	; 6
 6be:	0e 94 3a 03 	call	0x674	; 0x674 <write_cmd>
 6c2:	82 ec       	ldi	r24, 0xC2	; 194
 6c4:	0e 94 3a 03 	call	0x674	; 0x674 <write_cmd>
 6c8:	80 e2       	ldi	r24, 0x20	; 32
 6ca:	0e 94 3a 03 	call	0x674	; 0x674 <write_cmd>
 6ce:	89 e0       	ldi	r24, 0x09	; 9
 6d0:	0e 94 3a 03 	call	0x674	; 0x674 <write_cmd>
 6d4:	80 e8       	ldi	r24, 0x80	; 128
 6d6:	0e 94 3a 03 	call	0x674	; 0x674 <write_cmd>
 6da:	80 e4       	ldi	r24, 0x40	; 64
 6dc:	0e 94 3a 03 	call	0x674	; 0x674 <write_cmd>
 6e0:	c8 ef       	ldi	r28, 0xF8	; 248
 6e2:	d1 e0       	ldi	r29, 0x01	; 1
 6e4:	61 e0       	ldi	r22, 0x01	; 1
 6e6:	80 e0       	ldi	r24, 0x00	; 0
 6e8:	0e 94 1e 03 	call	0x63c	; 0x63c <write>
 6ec:	21 97       	sbiw	r28, 0x01	; 1
 6ee:	d1 f7       	brne	.-12     	; 0x6e4 <nokia_lcd_init+0x6a>
 6f0:	88 e0       	ldi	r24, 0x08	; 8
 6f2:	0e 94 3a 03 	call	0x674	; 0x674 <write_cmd>
 6f6:	8c e0       	ldi	r24, 0x0C	; 12
 6f8:	df 91       	pop	r29
 6fa:	cf 91       	pop	r28
 6fc:	0c 94 3a 03 	jmp	0x674	; 0x674 <write_cmd>

00000700 <nokia_lcd_clear>:
 700:	80 e8       	ldi	r24, 0x80	; 128
 702:	0e 94 3a 03 	call	0x674	; 0x674 <write_cmd>
 706:	80 e4       	ldi	r24, 0x40	; 64
 708:	0e 94 3a 03 	call	0x674	; 0x674 <write_cmd>
 70c:	10 92 4c 03 	sts	0x034C, r1	; 0x80034c <nokia_lcd+0x1f8>
 710:	10 92 4d 03 	sts	0x034D, r1	; 0x80034d <nokia_lcd+0x1f9>
 714:	e4 e5       	ldi	r30, 0x54	; 84
 716:	f1 e0       	ldi	r31, 0x01	; 1
 718:	88 ef       	ldi	r24, 0xF8	; 248
 71a:	91 e0       	ldi	r25, 0x01	; 1
 71c:	df 01       	movw	r26, r30
 71e:	9c 01       	movw	r18, r24
 720:	1d 92       	st	X+, r1
 722:	21 50       	subi	r18, 0x01	; 1
 724:	30 40       	sbci	r19, 0x00	; 0
 726:	e1 f7       	brne	.-8      	; 0x720 <nokia_lcd_clear+0x20>
 728:	08 95       	ret

0000072a <nokia_lcd_power>:
 72a:	81 11       	cpse	r24, r1
 72c:	03 c0       	rjmp	.+6      	; 0x734 <nokia_lcd_power+0xa>
 72e:	84 e2       	ldi	r24, 0x24	; 36
 730:	0c 94 3a 03 	jmp	0x674	; 0x674 <write_cmd>
 734:	80 e2       	ldi	r24, 0x20	; 32
 736:	fc cf       	rjmp	.-8      	; 0x730 <nokia_lcd_power+0x6>

00000738 <nokia_lcd_set_pixel>:
 738:	96 2f       	mov	r25, r22
 73a:	96 95       	lsr	r25
 73c:	96 95       	lsr	r25
 73e:	96 95       	lsr	r25
 740:	e8 2f       	mov	r30, r24
 742:	f0 e0       	ldi	r31, 0x00	; 0
 744:	84 e5       	ldi	r24, 0x54	; 84
 746:	98 9f       	mul	r25, r24
 748:	e0 0d       	add	r30, r0
 74a:	f1 1d       	adc	r31, r1
 74c:	11 24       	eor	r1, r1
 74e:	ec 5a       	subi	r30, 0xAC	; 172
 750:	fe 4f       	sbci	r31, 0xFE	; 254
 752:	20 81       	ld	r18, Z
 754:	67 70       	andi	r22, 0x07	; 7
 756:	81 e0       	ldi	r24, 0x01	; 1
 758:	90 e0       	ldi	r25, 0x00	; 0
 75a:	01 c0       	rjmp	.+2      	; 0x75e <nokia_lcd_set_pixel+0x26>
 75c:	88 0f       	add	r24, r24
 75e:	6a 95       	dec	r22
 760:	ea f7       	brpl	.-6      	; 0x75c <nokia_lcd_set_pixel+0x24>
 762:	44 23       	and	r20, r20
 764:	19 f0       	breq	.+6      	; 0x76c <nokia_lcd_set_pixel+0x34>
 766:	28 2b       	or	r18, r24
 768:	20 83       	st	Z, r18
 76a:	08 95       	ret
 76c:	80 95       	com	r24
 76e:	28 23       	and	r18, r24
 770:	fb cf       	rjmp	.-10     	; 0x768 <nokia_lcd_set_pixel+0x30>

00000772 <nokia_lcd_write_char>:
 772:	8f 92       	push	r8
 774:	9f 92       	push	r9
 776:	af 92       	push	r10
 778:	bf 92       	push	r11
 77a:	df 92       	push	r13
 77c:	ef 92       	push	r14
 77e:	ff 92       	push	r15
 780:	0f 93       	push	r16
 782:	1f 93       	push	r17
 784:	cf 93       	push	r28
 786:	df 93       	push	r29
 788:	00 d0       	rcall	.+0      	; 0x78a <nokia_lcd_write_char+0x18>
 78a:	00 d0       	rcall	.+0      	; 0x78c <nokia_lcd_write_char+0x1a>
 78c:	0f 92       	push	r0
 78e:	cd b7       	in	r28, 0x3d	; 61
 790:	de b7       	in	r29, 0x3e	; 62
 792:	e8 2f       	mov	r30, r24
 794:	f6 2e       	mov	r15, r22
 796:	80 32       	cpi	r24, 0x20	; 32
 798:	0c f4       	brge	.+2      	; 0x79c <nokia_lcd_write_char+0x2a>
 79a:	4d c0       	rjmp	.+154    	; 0x836 <nokia_lcd_write_char+0xc4>
 79c:	e0 52       	subi	r30, 0x20	; 32
 79e:	85 e0       	ldi	r24, 0x05	; 5
 7a0:	e8 02       	muls	r30, r24
 7a2:	b0 01       	movw	r22, r0
 7a4:	11 24       	eor	r1, r1
 7a6:	68 59       	subi	r22, 0x98	; 152
 7a8:	7f 4f       	sbci	r23, 0xFF	; 255
 7aa:	45 e0       	ldi	r20, 0x05	; 5
 7ac:	50 e0       	ldi	r21, 0x00	; 0
 7ae:	ce 01       	movw	r24, r28
 7b0:	01 96       	adiw	r24, 0x01	; 1
 7b2:	0e 94 aa 05 	call	0xb54	; 0xb54 <memcpy_P>
 7b6:	8e 01       	movw	r16, r28
 7b8:	0f 5f       	subi	r16, 0xFF	; 255
 7ba:	1f 4f       	sbci	r17, 0xFF	; 255
 7bc:	95 e0       	ldi	r25, 0x05	; 5
 7be:	f9 9e       	mul	r15, r25
 7c0:	50 01       	movw	r10, r0
 7c2:	11 24       	eor	r1, r1
 7c4:	87 e0       	ldi	r24, 0x07	; 7
 7c6:	f8 9e       	mul	r15, r24
 7c8:	40 01       	movw	r8, r0
 7ca:	11 24       	eor	r1, r1
 7cc:	e1 2c       	mov	r14, r1
 7ce:	ea 14       	cp	r14, r10
 7d0:	1b 04       	cpc	r1, r11
 7d2:	0c f4       	brge	.+2      	; 0x7d6 <nokia_lcd_write_char+0x64>
 7d4:	63 c0       	rjmp	.+198    	; 0x89c <nokia_lcd_write_char+0x12a>
 7d6:	80 91 4c 03 	lds	r24, 0x034C	; 0x80034c <nokia_lcd+0x1f8>
 7da:	8f 5f       	subi	r24, 0xFF	; 255
 7dc:	9f 2d       	mov	r25, r15
 7de:	99 0f       	add	r25, r25
 7e0:	99 0f       	add	r25, r25
 7e2:	9f 0d       	add	r25, r15
 7e4:	89 0f       	add	r24, r25
 7e6:	80 93 4c 03 	sts	0x034C, r24	; 0x80034c <nokia_lcd+0x1f8>
 7ea:	84 35       	cpi	r24, 0x54	; 84
 7ec:	58 f0       	brcs	.+22     	; 0x804 <nokia_lcd_write_char+0x92>
 7ee:	80 91 4d 03 	lds	r24, 0x034D	; 0x80034d <nokia_lcd+0x1f9>
 7f2:	10 92 4c 03 	sts	0x034C, r1	; 0x80034c <nokia_lcd+0x1f8>
 7f6:	8f 5f       	subi	r24, 0xFF	; 255
 7f8:	97 e0       	ldi	r25, 0x07	; 7
 7fa:	f9 9e       	mul	r15, r25
 7fc:	80 0d       	add	r24, r0
 7fe:	11 24       	eor	r1, r1
 800:	80 93 4d 03 	sts	0x034D, r24	; 0x80034d <nokia_lcd+0x1f9>
 804:	80 91 4d 03 	lds	r24, 0x034D	; 0x80034d <nokia_lcd+0x1f9>
 808:	80 33       	cpi	r24, 0x30	; 48
 80a:	20 f0       	brcs	.+8      	; 0x814 <nokia_lcd_write_char+0xa2>
 80c:	10 92 4c 03 	sts	0x034C, r1	; 0x80034c <nokia_lcd+0x1f8>
 810:	10 92 4d 03 	sts	0x034D, r1	; 0x80034d <nokia_lcd+0x1f9>
 814:	0f 90       	pop	r0
 816:	0f 90       	pop	r0
 818:	0f 90       	pop	r0
 81a:	0f 90       	pop	r0
 81c:	0f 90       	pop	r0
 81e:	df 91       	pop	r29
 820:	cf 91       	pop	r28
 822:	1f 91       	pop	r17
 824:	0f 91       	pop	r16
 826:	ff 90       	pop	r15
 828:	ef 90       	pop	r14
 82a:	df 90       	pop	r13
 82c:	bf 90       	pop	r11
 82e:	af 90       	pop	r10
 830:	9f 90       	pop	r9
 832:	8f 90       	pop	r8
 834:	08 95       	ret
 836:	ee 0f       	add	r30, r30
 838:	ff 0b       	sbc	r31, r31
 83a:	ec 5e       	subi	r30, 0xEC	; 236
 83c:	fe 4f       	sbci	r31, 0xFE	; 254
 83e:	00 81       	ld	r16, Z
 840:	11 81       	ldd	r17, Z+1	; 0x01
 842:	01 15       	cp	r16, r1
 844:	11 05       	cpc	r17, r1
 846:	09 f0       	breq	.+2      	; 0x84a <nokia_lcd_write_char+0xd8>
 848:	b9 cf       	rjmp	.-142    	; 0x7bc <nokia_lcd_write_char+0x4a>
 84a:	45 e0       	ldi	r20, 0x05	; 5
 84c:	50 e0       	ldi	r21, 0x00	; 0
 84e:	68 e6       	ldi	r22, 0x68	; 104
 850:	70 e0       	ldi	r23, 0x00	; 0
 852:	ad cf       	rjmp	.-166    	; 0x7ae <nokia_lcd_write_char+0x3c>
 854:	ed 0d       	add	r30, r13
 856:	5e 0d       	add	r21, r14
 858:	8e 2d       	mov	r24, r14
 85a:	6f 2d       	mov	r22, r15
 85c:	0e 94 fe 04 	call	0x9fc	; 0x9fc <__udivmodqi4>
 860:	d8 01       	movw	r26, r16
 862:	a8 0f       	add	r26, r24
 864:	b1 1d       	adc	r27, r1
 866:	2c 91       	ld	r18, X
 868:	30 e0       	ldi	r19, 0x00	; 0
 86a:	8d 2d       	mov	r24, r13
 86c:	0e 94 fe 04 	call	0x9fc	; 0x9fc <__udivmodqi4>
 870:	02 c0       	rjmp	.+4      	; 0x876 <nokia_lcd_write_char+0x104>
 872:	35 95       	asr	r19
 874:	27 95       	ror	r18
 876:	8a 95       	dec	r24
 878:	e2 f7       	brpl	.-8      	; 0x872 <nokia_lcd_write_char+0x100>
 87a:	41 e0       	ldi	r20, 0x01	; 1
 87c:	20 ff       	sbrs	r18, 0
 87e:	40 e0       	ldi	r20, 0x00	; 0
 880:	6e 2f       	mov	r22, r30
 882:	85 2f       	mov	r24, r21
 884:	0e 94 9c 03 	call	0x738	; 0x738 <nokia_lcd_set_pixel>
 888:	d3 94       	inc	r13
 88a:	e0 91 4d 03 	lds	r30, 0x034D	; 0x80034d <nokia_lcd+0x1f9>
 88e:	50 91 4c 03 	lds	r21, 0x034C	; 0x80034c <nokia_lcd+0x1f8>
 892:	d8 14       	cp	r13, r8
 894:	19 04       	cpc	r1, r9
 896:	f4 f2       	brlt	.-68     	; 0x854 <nokia_lcd_write_char+0xe2>
 898:	e3 94       	inc	r14
 89a:	99 cf       	rjmp	.-206    	; 0x7ce <nokia_lcd_write_char+0x5c>
 89c:	d1 2c       	mov	r13, r1
 89e:	f5 cf       	rjmp	.-22     	; 0x88a <nokia_lcd_write_char+0x118>

000008a0 <nokia_lcd_custom>:
 8a0:	e8 2f       	mov	r30, r24
 8a2:	80 32       	cpi	r24, 0x20	; 32
 8a4:	34 f4       	brge	.+12     	; 0x8b2 <nokia_lcd_custom+0x12>
 8a6:	ee 0f       	add	r30, r30
 8a8:	ff 0b       	sbc	r31, r31
 8aa:	ec 5e       	subi	r30, 0xEC	; 236
 8ac:	fe 4f       	sbci	r31, 0xFE	; 254
 8ae:	71 83       	std	Z+1, r23	; 0x01
 8b0:	60 83       	st	Z, r22
 8b2:	08 95       	ret

000008b4 <nokia_lcd_write_string>:
 8b4:	1f 93       	push	r17
 8b6:	cf 93       	push	r28
 8b8:	df 93       	push	r29
 8ba:	16 2f       	mov	r17, r22
 8bc:	ec 01       	movw	r28, r24
 8be:	89 91       	ld	r24, Y+
 8c0:	81 11       	cpse	r24, r1
 8c2:	04 c0       	rjmp	.+8      	; 0x8cc <nokia_lcd_write_string+0x18>
 8c4:	df 91       	pop	r29
 8c6:	cf 91       	pop	r28
 8c8:	1f 91       	pop	r17
 8ca:	08 95       	ret
 8cc:	61 2f       	mov	r22, r17
 8ce:	0e 94 b9 03 	call	0x772	; 0x772 <nokia_lcd_write_char>
 8d2:	f5 cf       	rjmp	.-22     	; 0x8be <nokia_lcd_write_string+0xa>

000008d4 <nokia_lcd_set_cursor>:
 8d4:	80 93 4c 03 	sts	0x034C, r24	; 0x80034c <nokia_lcd+0x1f8>
 8d8:	60 93 4d 03 	sts	0x034D, r22	; 0x80034d <nokia_lcd+0x1f9>
 8dc:	08 95       	ret

000008de <nokia_lcd_render>:
 8de:	cf 93       	push	r28
 8e0:	df 93       	push	r29
 8e2:	80 e8       	ldi	r24, 0x80	; 128
 8e4:	0e 94 3a 03 	call	0x674	; 0x674 <write_cmd>
 8e8:	80 e4       	ldi	r24, 0x40	; 64
 8ea:	0e 94 3a 03 	call	0x674	; 0x674 <write_cmd>
 8ee:	c4 e5       	ldi	r28, 0x54	; 84
 8f0:	d1 e0       	ldi	r29, 0x01	; 1
 8f2:	61 e0       	ldi	r22, 0x01	; 1
 8f4:	89 91       	ld	r24, Y+
 8f6:	0e 94 1e 03 	call	0x63c	; 0x63c <write>
 8fa:	83 e0       	ldi	r24, 0x03	; 3
 8fc:	cc 34       	cpi	r28, 0x4C	; 76
 8fe:	d8 07       	cpc	r29, r24
 900:	c1 f7       	brne	.-16     	; 0x8f2 <nokia_lcd_render+0x14>
 902:	df 91       	pop	r29
 904:	cf 91       	pop	r28
 906:	08 95       	ret

00000908 <time>:
 908:	a4 e0       	ldi	r26, 0x04	; 4
 90a:	b0 e0       	ldi	r27, 0x00	; 0
 90c:	ea e8       	ldi	r30, 0x8A	; 138
 90e:	f4 e0       	ldi	r31, 0x04	; 4
 910:	0c 94 f5 05 	jmp	0xbea	; 0xbea <__prologue_saves__+0x20>
 914:	fc 01       	movw	r30, r24
 916:	0f b6       	in	r0, 0x3f	; 63
 918:	f8 94       	cli
 91a:	80 91 4e 03 	lds	r24, 0x034E	; 0x80034e <__system_time>
 91e:	90 91 4f 03 	lds	r25, 0x034F	; 0x80034f <__system_time+0x1>
 922:	a0 91 50 03 	lds	r26, 0x0350	; 0x800350 <__system_time+0x2>
 926:	b0 91 51 03 	lds	r27, 0x0351	; 0x800351 <__system_time+0x3>
 92a:	89 83       	std	Y+1, r24	; 0x01
 92c:	9a 83       	std	Y+2, r25	; 0x02
 92e:	ab 83       	std	Y+3, r26	; 0x03
 930:	bc 83       	std	Y+4, r27	; 0x04
 932:	0f be       	out	0x3f, r0	; 63
 934:	30 97       	sbiw	r30, 0x00	; 0
 936:	21 f0       	breq	.+8      	; 0x940 <time+0x38>
 938:	80 83       	st	Z, r24
 93a:	91 83       	std	Z+1, r25	; 0x01
 93c:	a2 83       	std	Z+2, r26	; 0x02
 93e:	b3 83       	std	Z+3, r27	; 0x03
 940:	69 81       	ldd	r22, Y+1	; 0x01
 942:	7a 81       	ldd	r23, Y+2	; 0x02
 944:	8b 81       	ldd	r24, Y+3	; 0x03
 946:	9c 81       	ldd	r25, Y+4	; 0x04
 948:	24 96       	adiw	r28, 0x04	; 4
 94a:	e2 e0       	ldi	r30, 0x02	; 2
 94c:	0c 94 11 06 	jmp	0xc22	; 0xc22 <__epilogue_restores__+0x20>

00000950 <main>:
 950:	cd b7       	in	r28, 0x3d	; 61
 952:	de b7       	in	r29, 0x3e	; 62
 954:	2c 97       	sbiw	r28, 0x0c	; 12
 956:	0f b6       	in	r0, 0x3f	; 63
 958:	f8 94       	cli
 95a:	de bf       	out	0x3e, r29	; 62
 95c:	0f be       	out	0x3f, r0	; 63
 95e:	cd bf       	out	0x3d, r28	; 61
 960:	0e 94 3d 03 	call	0x67a	; 0x67a <nokia_lcd_init>
 964:	0e 94 80 03 	call	0x700	; 0x700 <nokia_lcd_clear>
 968:	90 e0       	ldi	r25, 0x00	; 0
 96a:	80 e0       	ldi	r24, 0x00	; 0
 96c:	0e 94 84 04 	call	0x908	; 0x908 <time>
 970:	69 87       	std	Y+9, r22	; 0x09
 972:	7a 87       	std	Y+10, r23	; 0x0a
 974:	8b 87       	std	Y+11, r24	; 0x0b
 976:	9c 87       	std	Y+12, r25	; 0x0c
 978:	cb 01       	movw	r24, r22
 97a:	0e 94 9f 05 	call	0xb3e	; 0xb3e <srand>
 97e:	18 86       	std	Y+8, r1	; 0x08
 980:	1f 82       	std	Y+7, r1	; 0x07
 982:	83 e0       	ldi	r24, 0x03	; 3
 984:	90 e0       	ldi	r25, 0x00	; 0
 986:	9e 83       	std	Y+6, r25	; 0x06
 988:	8d 83       	std	Y+5, r24	; 0x05
 98a:	04 e6       	ldi	r16, 0x64	; 100
 98c:	10 e0       	ldi	r17, 0x00	; 0
 98e:	0e 94 9a 05 	call	0xb34	; 0xb34 <rand>
 992:	b8 01       	movw	r22, r16
 994:	0e 94 0a 05 	call	0xa14	; 0xa14 <__divmodhi4>
 998:	44 97       	sbiw	r24, 0x14	; 20
 99a:	3c f4       	brge	.+14     	; 0x9aa <main+0x5a>
 99c:	be 01       	movw	r22, r28
 99e:	69 5f       	subi	r22, 0xF9	; 249
 9a0:	7f 4f       	sbci	r23, 0xFF	; 255
 9a2:	ce 01       	movw	r24, r28
 9a4:	01 96       	adiw	r24, 0x01	; 1
 9a6:	0e 94 cf 02 	call	0x59e	; 0x59e <generateRandomObject>
 9aa:	9e 01       	movw	r18, r28
 9ac:	2b 5f       	subi	r18, 0xFB	; 251
 9ae:	3f 4f       	sbci	r19, 0xFF	; 255
 9b0:	45 e1       	ldi	r20, 0x15	; 21
 9b2:	50 e0       	ldi	r21, 0x00	; 0
 9b4:	67 e2       	ldi	r22, 0x27	; 39
 9b6:	70 e0       	ldi	r23, 0x00	; 0
 9b8:	ce 01       	movw	r24, r28
 9ba:	01 96       	adiw	r24, 0x01	; 1
 9bc:	0e 94 5d 02 	call	0x4ba	; 0x4ba <moveObject>
 9c0:	6b 81       	ldd	r22, Y+3	; 0x03
 9c2:	7c 81       	ldd	r23, Y+4	; 0x04
 9c4:	89 81       	ldd	r24, Y+1	; 0x01
 9c6:	9a 81       	ldd	r25, Y+2	; 0x02
 9c8:	0e 94 6f 01 	call	0x2de	; 0x2de <displayAnotherGlyph>
 9cc:	70 e0       	ldi	r23, 0x00	; 0
 9ce:	60 e0       	ldi	r22, 0x00	; 0
 9d0:	90 e0       	ldi	r25, 0x00	; 0
 9d2:	80 e0       	ldi	r24, 0x00	; 0
 9d4:	0e 94 6f 01 	call	0x2de	; 0x2de <displayAnotherGlyph>
 9d8:	0e 94 43 01 	call	0x286	; 0x286 <displayCenteredGlyph>
 9dc:	8d 81       	ldd	r24, Y+5	; 0x05
 9de:	9e 81       	ldd	r25, Y+6	; 0x06
 9e0:	0e 94 c3 01 	call	0x386	; 0x386 <displayLifeGlyphs>
 9e4:	0e 94 6f 04 	call	0x8de	; 0x8de <nokia_lcd_render>
 9e8:	2f ef       	ldi	r18, 0xFF	; 255
 9ea:	80 e7       	ldi	r24, 0x70	; 112
 9ec:	92 e0       	ldi	r25, 0x02	; 2
 9ee:	21 50       	subi	r18, 0x01	; 1
 9f0:	80 40       	sbci	r24, 0x00	; 0
 9f2:	90 40       	sbci	r25, 0x00	; 0
 9f4:	e1 f7       	brne	.-8      	; 0x9ee <main+0x9e>
 9f6:	00 c0       	rjmp	.+0      	; 0x9f8 <main+0xa8>
 9f8:	00 00       	nop
 9fa:	c9 cf       	rjmp	.-110    	; 0x98e <main+0x3e>

000009fc <__udivmodqi4>:
 9fc:	99 1b       	sub	r25, r25
 9fe:	79 e0       	ldi	r23, 0x09	; 9
 a00:	04 c0       	rjmp	.+8      	; 0xa0a <__udivmodqi4_ep>

00000a02 <__udivmodqi4_loop>:
 a02:	99 1f       	adc	r25, r25
 a04:	96 17       	cp	r25, r22
 a06:	08 f0       	brcs	.+2      	; 0xa0a <__udivmodqi4_ep>
 a08:	96 1b       	sub	r25, r22

00000a0a <__udivmodqi4_ep>:
 a0a:	88 1f       	adc	r24, r24
 a0c:	7a 95       	dec	r23
 a0e:	c9 f7       	brne	.-14     	; 0xa02 <__udivmodqi4_loop>
 a10:	80 95       	com	r24
 a12:	08 95       	ret

00000a14 <__divmodhi4>:
 a14:	97 fb       	bst	r25, 7
 a16:	07 2e       	mov	r0, r23
 a18:	16 f4       	brtc	.+4      	; 0xa1e <__divmodhi4+0xa>
 a1a:	00 94       	com	r0
 a1c:	07 d0       	rcall	.+14     	; 0xa2c <__divmodhi4_neg1>
 a1e:	77 fd       	sbrc	r23, 7
 a20:	09 d0       	rcall	.+18     	; 0xa34 <__divmodhi4_neg2>
 a22:	0e 94 1e 05 	call	0xa3c	; 0xa3c <__udivmodhi4>
 a26:	07 fc       	sbrc	r0, 7
 a28:	05 d0       	rcall	.+10     	; 0xa34 <__divmodhi4_neg2>
 a2a:	3e f4       	brtc	.+14     	; 0xa3a <__divmodhi4_exit>

00000a2c <__divmodhi4_neg1>:
 a2c:	90 95       	com	r25
 a2e:	81 95       	neg	r24
 a30:	9f 4f       	sbci	r25, 0xFF	; 255
 a32:	08 95       	ret

00000a34 <__divmodhi4_neg2>:
 a34:	70 95       	com	r23
 a36:	61 95       	neg	r22
 a38:	7f 4f       	sbci	r23, 0xFF	; 255

00000a3a <__divmodhi4_exit>:
 a3a:	08 95       	ret

00000a3c <__udivmodhi4>:
 a3c:	aa 1b       	sub	r26, r26
 a3e:	bb 1b       	sub	r27, r27
 a40:	51 e1       	ldi	r21, 0x11	; 17
 a42:	07 c0       	rjmp	.+14     	; 0xa52 <__udivmodhi4_ep>

00000a44 <__udivmodhi4_loop>:
 a44:	aa 1f       	adc	r26, r26
 a46:	bb 1f       	adc	r27, r27
 a48:	a6 17       	cp	r26, r22
 a4a:	b7 07       	cpc	r27, r23
 a4c:	10 f0       	brcs	.+4      	; 0xa52 <__udivmodhi4_ep>
 a4e:	a6 1b       	sub	r26, r22
 a50:	b7 0b       	sbc	r27, r23

00000a52 <__udivmodhi4_ep>:
 a52:	88 1f       	adc	r24, r24
 a54:	99 1f       	adc	r25, r25
 a56:	5a 95       	dec	r21
 a58:	a9 f7       	brne	.-22     	; 0xa44 <__udivmodhi4_loop>
 a5a:	80 95       	com	r24
 a5c:	90 95       	com	r25
 a5e:	bc 01       	movw	r22, r24
 a60:	cd 01       	movw	r24, r26
 a62:	08 95       	ret

00000a64 <do_rand>:
 a64:	cf 92       	push	r12
 a66:	df 92       	push	r13
 a68:	ef 92       	push	r14
 a6a:	ff 92       	push	r15
 a6c:	cf 93       	push	r28
 a6e:	df 93       	push	r29
 a70:	cd b7       	in	r28, 0x3d	; 61
 a72:	de b7       	in	r29, 0x3e	; 62
 a74:	2a 97       	sbiw	r28, 0x0a	; 10
 a76:	0f b6       	in	r0, 0x3f	; 63
 a78:	f8 94       	cli
 a7a:	de bf       	out	0x3e, r29	; 62
 a7c:	0f be       	out	0x3f, r0	; 63
 a7e:	cd bf       	out	0x3d, r28	; 61
 a80:	89 87       	std	Y+9, r24	; 0x09
 a82:	9a 87       	std	Y+10, r25	; 0x0a
 a84:	a9 85       	ldd	r26, Y+9	; 0x09
 a86:	ba 85       	ldd	r27, Y+10	; 0x0a
 a88:	2d 91       	ld	r18, X+
 a8a:	3d 91       	ld	r19, X+
 a8c:	4d 91       	ld	r20, X+
 a8e:	5c 91       	ld	r21, X
 a90:	29 83       	std	Y+1, r18	; 0x01
 a92:	3a 83       	std	Y+2, r19	; 0x02
 a94:	4b 83       	std	Y+3, r20	; 0x03
 a96:	5c 83       	std	Y+4, r21	; 0x04
 a98:	23 2b       	or	r18, r19
 a9a:	24 2b       	or	r18, r20
 a9c:	25 2b       	or	r18, r21
 a9e:	41 f4       	brne	.+16     	; 0xab0 <do_rand+0x4c>
 aa0:	24 e2       	ldi	r18, 0x24	; 36
 aa2:	39 ed       	ldi	r19, 0xD9	; 217
 aa4:	4b e5       	ldi	r20, 0x5B	; 91
 aa6:	57 e0       	ldi	r21, 0x07	; 7
 aa8:	29 83       	std	Y+1, r18	; 0x01
 aaa:	3a 83       	std	Y+2, r19	; 0x02
 aac:	4b 83       	std	Y+3, r20	; 0x03
 aae:	5c 83       	std	Y+4, r21	; 0x04
 ab0:	69 81       	ldd	r22, Y+1	; 0x01
 ab2:	7a 81       	ldd	r23, Y+2	; 0x02
 ab4:	8b 81       	ldd	r24, Y+3	; 0x03
 ab6:	9c 81       	ldd	r25, Y+4	; 0x04
 ab8:	2d e1       	ldi	r18, 0x1D	; 29
 aba:	33 ef       	ldi	r19, 0xF3	; 243
 abc:	41 e0       	ldi	r20, 0x01	; 1
 abe:	50 e0       	ldi	r21, 0x00	; 0
 ac0:	0e 94 b3 05 	call	0xb66	; 0xb66 <__divmodsi4>
 ac4:	69 01       	movw	r12, r18
 ac6:	7a 01       	movw	r14, r20
 ac8:	a7 ea       	ldi	r26, 0xA7	; 167
 aca:	b1 e4       	ldi	r27, 0x41	; 65
 acc:	9b 01       	movw	r18, r22
 ace:	ac 01       	movw	r20, r24
 ad0:	0e 94 d2 05 	call	0xba4	; 0xba4 <__muluhisi3>
 ad4:	69 83       	std	Y+1, r22	; 0x01
 ad6:	7a 83       	std	Y+2, r23	; 0x02
 ad8:	8b 83       	std	Y+3, r24	; 0x03
 ada:	9c 83       	std	Y+4, r25	; 0x04
 adc:	ac ee       	ldi	r26, 0xEC	; 236
 ade:	b4 ef       	ldi	r27, 0xF4	; 244
 ae0:	a7 01       	movw	r20, r14
 ae2:	96 01       	movw	r18, r12
 ae4:	0e 94 e0 05 	call	0xbc0	; 0xbc0 <__mulohisi3>
 ae8:	9b 01       	movw	r18, r22
 aea:	ac 01       	movw	r20, r24
 aec:	89 81       	ldd	r24, Y+1	; 0x01
 aee:	9a 81       	ldd	r25, Y+2	; 0x02
 af0:	ab 81       	ldd	r26, Y+3	; 0x03
 af2:	bc 81       	ldd	r27, Y+4	; 0x04
 af4:	82 0f       	add	r24, r18
 af6:	93 1f       	adc	r25, r19
 af8:	a4 1f       	adc	r26, r20
 afa:	b5 1f       	adc	r27, r21
 afc:	b7 ff       	sbrs	r27, 7
 afe:	03 c0       	rjmp	.+6      	; 0xb06 <do_rand+0xa2>
 b00:	01 97       	sbiw	r24, 0x01	; 1
 b02:	a1 09       	sbc	r26, r1
 b04:	b0 48       	sbci	r27, 0x80	; 128
 b06:	e9 85       	ldd	r30, Y+9	; 0x09
 b08:	fa 85       	ldd	r31, Y+10	; 0x0a
 b0a:	80 83       	st	Z, r24
 b0c:	91 83       	std	Z+1, r25	; 0x01
 b0e:	a2 83       	std	Z+2, r26	; 0x02
 b10:	b3 83       	std	Z+3, r27	; 0x03
 b12:	9f 77       	andi	r25, 0x7F	; 127
 b14:	2a 96       	adiw	r28, 0x0a	; 10
 b16:	0f b6       	in	r0, 0x3f	; 63
 b18:	f8 94       	cli
 b1a:	de bf       	out	0x3e, r29	; 62
 b1c:	0f be       	out	0x3f, r0	; 63
 b1e:	cd bf       	out	0x3d, r28	; 61
 b20:	df 91       	pop	r29
 b22:	cf 91       	pop	r28
 b24:	ff 90       	pop	r15
 b26:	ef 90       	pop	r14
 b28:	df 90       	pop	r13
 b2a:	cf 90       	pop	r12
 b2c:	08 95       	ret

00000b2e <rand_r>:
 b2e:	0e 94 32 05 	call	0xa64	; 0xa64 <do_rand>
 b32:	08 95       	ret

00000b34 <rand>:
 b34:	8f e0       	ldi	r24, 0x0F	; 15
 b36:	91 e0       	ldi	r25, 0x01	; 1
 b38:	0e 94 32 05 	call	0xa64	; 0xa64 <do_rand>
 b3c:	08 95       	ret

00000b3e <srand>:
 b3e:	b0 e0       	ldi	r27, 0x00	; 0
 b40:	a0 e0       	ldi	r26, 0x00	; 0
 b42:	80 93 0f 01 	sts	0x010F, r24	; 0x80010f <next>
 b46:	90 93 10 01 	sts	0x0110, r25	; 0x800110 <next+0x1>
 b4a:	a0 93 11 01 	sts	0x0111, r26	; 0x800111 <next+0x2>
 b4e:	b0 93 12 01 	sts	0x0112, r27	; 0x800112 <next+0x3>
 b52:	08 95       	ret

00000b54 <memcpy_P>:
 b54:	fb 01       	movw	r30, r22
 b56:	dc 01       	movw	r26, r24
 b58:	02 c0       	rjmp	.+4      	; 0xb5e <memcpy_P+0xa>
 b5a:	05 90       	lpm	r0, Z+
 b5c:	0d 92       	st	X+, r0
 b5e:	41 50       	subi	r20, 0x01	; 1
 b60:	50 40       	sbci	r21, 0x00	; 0
 b62:	d8 f7       	brcc	.-10     	; 0xb5a <memcpy_P+0x6>
 b64:	08 95       	ret

00000b66 <__divmodsi4>:
 b66:	05 2e       	mov	r0, r21
 b68:	97 fb       	bst	r25, 7
 b6a:	1e f4       	brtc	.+6      	; 0xb72 <__divmodsi4+0xc>
 b6c:	00 94       	com	r0
 b6e:	0e 94 ca 05 	call	0xb94	; 0xb94 <__negsi2>
 b72:	57 fd       	sbrc	r21, 7
 b74:	07 d0       	rcall	.+14     	; 0xb84 <__divmodsi4_neg2>
 b76:	0e 94 1c 06 	call	0xc38	; 0xc38 <__udivmodsi4>
 b7a:	07 fc       	sbrc	r0, 7
 b7c:	03 d0       	rcall	.+6      	; 0xb84 <__divmodsi4_neg2>
 b7e:	4e f4       	brtc	.+18     	; 0xb92 <__divmodsi4_exit>
 b80:	0c 94 ca 05 	jmp	0xb94	; 0xb94 <__negsi2>

00000b84 <__divmodsi4_neg2>:
 b84:	50 95       	com	r21
 b86:	40 95       	com	r20
 b88:	30 95       	com	r19
 b8a:	21 95       	neg	r18
 b8c:	3f 4f       	sbci	r19, 0xFF	; 255
 b8e:	4f 4f       	sbci	r20, 0xFF	; 255
 b90:	5f 4f       	sbci	r21, 0xFF	; 255

00000b92 <__divmodsi4_exit>:
 b92:	08 95       	ret

00000b94 <__negsi2>:
 b94:	90 95       	com	r25
 b96:	80 95       	com	r24
 b98:	70 95       	com	r23
 b9a:	61 95       	neg	r22
 b9c:	7f 4f       	sbci	r23, 0xFF	; 255
 b9e:	8f 4f       	sbci	r24, 0xFF	; 255
 ba0:	9f 4f       	sbci	r25, 0xFF	; 255
 ba2:	08 95       	ret

00000ba4 <__muluhisi3>:
 ba4:	0e 94 3e 06 	call	0xc7c	; 0xc7c <__umulhisi3>
 ba8:	a5 9f       	mul	r26, r21
 baa:	90 0d       	add	r25, r0
 bac:	b4 9f       	mul	r27, r20
 bae:	90 0d       	add	r25, r0
 bb0:	a4 9f       	mul	r26, r20
 bb2:	80 0d       	add	r24, r0
 bb4:	91 1d       	adc	r25, r1
 bb6:	11 24       	eor	r1, r1
 bb8:	08 95       	ret

00000bba <__mulshisi3>:
 bba:	b7 ff       	sbrs	r27, 7
 bbc:	0c 94 d2 05 	jmp	0xba4	; 0xba4 <__muluhisi3>

00000bc0 <__mulohisi3>:
 bc0:	0e 94 d2 05 	call	0xba4	; 0xba4 <__muluhisi3>
 bc4:	82 1b       	sub	r24, r18
 bc6:	93 0b       	sbc	r25, r19
 bc8:	08 95       	ret

00000bca <__prologue_saves__>:
 bca:	2f 92       	push	r2
 bcc:	3f 92       	push	r3
 bce:	4f 92       	push	r4
 bd0:	5f 92       	push	r5
 bd2:	6f 92       	push	r6
 bd4:	7f 92       	push	r7
 bd6:	8f 92       	push	r8
 bd8:	9f 92       	push	r9
 bda:	af 92       	push	r10
 bdc:	bf 92       	push	r11
 bde:	cf 92       	push	r12
 be0:	df 92       	push	r13
 be2:	ef 92       	push	r14
 be4:	ff 92       	push	r15
 be6:	0f 93       	push	r16
 be8:	1f 93       	push	r17
 bea:	cf 93       	push	r28
 bec:	df 93       	push	r29
 bee:	cd b7       	in	r28, 0x3d	; 61
 bf0:	de b7       	in	r29, 0x3e	; 62
 bf2:	ca 1b       	sub	r28, r26
 bf4:	db 0b       	sbc	r29, r27
 bf6:	0f b6       	in	r0, 0x3f	; 63
 bf8:	f8 94       	cli
 bfa:	de bf       	out	0x3e, r29	; 62
 bfc:	0f be       	out	0x3f, r0	; 63
 bfe:	cd bf       	out	0x3d, r28	; 61
 c00:	09 94       	ijmp

00000c02 <__epilogue_restores__>:
 c02:	2a 88       	ldd	r2, Y+18	; 0x12
 c04:	39 88       	ldd	r3, Y+17	; 0x11
 c06:	48 88       	ldd	r4, Y+16	; 0x10
 c08:	5f 84       	ldd	r5, Y+15	; 0x0f
 c0a:	6e 84       	ldd	r6, Y+14	; 0x0e
 c0c:	7d 84       	ldd	r7, Y+13	; 0x0d
 c0e:	8c 84       	ldd	r8, Y+12	; 0x0c
 c10:	9b 84       	ldd	r9, Y+11	; 0x0b
 c12:	aa 84       	ldd	r10, Y+10	; 0x0a
 c14:	b9 84       	ldd	r11, Y+9	; 0x09
 c16:	c8 84       	ldd	r12, Y+8	; 0x08
 c18:	df 80       	ldd	r13, Y+7	; 0x07
 c1a:	ee 80       	ldd	r14, Y+6	; 0x06
 c1c:	fd 80       	ldd	r15, Y+5	; 0x05
 c1e:	0c 81       	ldd	r16, Y+4	; 0x04
 c20:	1b 81       	ldd	r17, Y+3	; 0x03
 c22:	aa 81       	ldd	r26, Y+2	; 0x02
 c24:	b9 81       	ldd	r27, Y+1	; 0x01
 c26:	ce 0f       	add	r28, r30
 c28:	d1 1d       	adc	r29, r1
 c2a:	0f b6       	in	r0, 0x3f	; 63
 c2c:	f8 94       	cli
 c2e:	de bf       	out	0x3e, r29	; 62
 c30:	0f be       	out	0x3f, r0	; 63
 c32:	cd bf       	out	0x3d, r28	; 61
 c34:	ed 01       	movw	r28, r26
 c36:	08 95       	ret

00000c38 <__udivmodsi4>:
 c38:	a1 e2       	ldi	r26, 0x21	; 33
 c3a:	1a 2e       	mov	r1, r26
 c3c:	aa 1b       	sub	r26, r26
 c3e:	bb 1b       	sub	r27, r27
 c40:	fd 01       	movw	r30, r26
 c42:	0d c0       	rjmp	.+26     	; 0xc5e <__udivmodsi4_ep>

00000c44 <__udivmodsi4_loop>:
 c44:	aa 1f       	adc	r26, r26
 c46:	bb 1f       	adc	r27, r27
 c48:	ee 1f       	adc	r30, r30
 c4a:	ff 1f       	adc	r31, r31
 c4c:	a2 17       	cp	r26, r18
 c4e:	b3 07       	cpc	r27, r19
 c50:	e4 07       	cpc	r30, r20
 c52:	f5 07       	cpc	r31, r21
 c54:	20 f0       	brcs	.+8      	; 0xc5e <__udivmodsi4_ep>
 c56:	a2 1b       	sub	r26, r18
 c58:	b3 0b       	sbc	r27, r19
 c5a:	e4 0b       	sbc	r30, r20
 c5c:	f5 0b       	sbc	r31, r21

00000c5e <__udivmodsi4_ep>:
 c5e:	66 1f       	adc	r22, r22
 c60:	77 1f       	adc	r23, r23
 c62:	88 1f       	adc	r24, r24
 c64:	99 1f       	adc	r25, r25
 c66:	1a 94       	dec	r1
 c68:	69 f7       	brne	.-38     	; 0xc44 <__udivmodsi4_loop>
 c6a:	60 95       	com	r22
 c6c:	70 95       	com	r23
 c6e:	80 95       	com	r24
 c70:	90 95       	com	r25
 c72:	9b 01       	movw	r18, r22
 c74:	ac 01       	movw	r20, r24
 c76:	bd 01       	movw	r22, r26
 c78:	cf 01       	movw	r24, r30
 c7a:	08 95       	ret

00000c7c <__umulhisi3>:
 c7c:	a2 9f       	mul	r26, r18
 c7e:	b0 01       	movw	r22, r0
 c80:	b3 9f       	mul	r27, r19
 c82:	c0 01       	movw	r24, r0
 c84:	a3 9f       	mul	r26, r19
 c86:	70 0d       	add	r23, r0
 c88:	81 1d       	adc	r24, r1
 c8a:	11 24       	eor	r1, r1
 c8c:	91 1d       	adc	r25, r1
 c8e:	b2 9f       	mul	r27, r18
 c90:	70 0d       	add	r23, r0
 c92:	81 1d       	adc	r24, r1
 c94:	11 24       	eor	r1, r1
 c96:	91 1d       	adc	r25, r1
 c98:	08 95       	ret

00000c9a <_exit>:
 c9a:	f8 94       	cli

00000c9c <__stop_program>:
 c9c:	ff cf       	rjmp	.-2      	; 0xc9c <__stop_program>
